<?xml version="1.0" encoding="UTF-8"?>
<testsuite xmlns:xsi="http://www.w3.org/2001/XMLSchema-instance" xsi:noNamespaceSchemaLocation="https://maven.apache.org/surefire/maven-surefire-plugin/xsd/surefire-test-report-3.0.xsd" version="3.0" name="edu.nu.owaspapivulnlab.AdditionalSecurityExpectationsTests" time="14.78" tests="23" errors="0" skipped="0" failures="0">
  <properties>
[...]
</properties>
  <testcase name="transfer_endpoint_is_rate_limited_per_user" classname="edu.nu.owaspapivulnlab.AdditionalSecurityExpectationsTests" time="0.994">
    <system-out><![CDATA[15:45:45.817 [main] INFO org.springframework.test.context.support.AnnotationConfigContextLoaderUtils -- Could not detect default configuration classes for test class [edu.nu.owaspapivulnlab.AdditionalSecurityExpectationsTests]: AdditionalSecurityExpectationsTests does not declare any static, non-private, non-final, nested classes annotated with @Configuration.
15:45:46.066 [main] INFO org.springframework.boot.test.context.SpringBootTestContextBootstrapper -- Found @SpringBootConfiguration edu.nu.owaspapivulnlab.OwaspApiVulnLabApplication for test class edu.nu.owaspapivulnlab.AdditionalSecurityExpectationsTests

  .   ____          _            __ _ _
 /\\ / ___'_ __ _ _(_)_ __  __ _ \ \ \ \
( ( )\___ | '_ | '_| | '_ \/ _` | \ \ \ \
 \\/  ___)| |_)| | | | | || (_| |  ) ) ) )
  '  |____| .__|_| |_|_| |_\__, | / / / /
 =========|_|==============|___/=/_/_/_/

 :: Spring Boot ::                (v3.3.4)

2025-10-26T15:45:46.958+05:00  INFO 11576 --- [           main] .n.o.AdditionalSecurityExpectationsTests : Starting AdditionalSecurityExpectationsTests using Java 17 with PID 11576 (started by LENEVO in C:\Users\LENEVO\Desktop\owasp-api-vuln-lab)
2025-10-26T15:45:46.974+05:00  INFO 11576 --- [           main] .n.o.AdditionalSecurityExpectationsTests : The following 1 profile is active: "test"
2025-10-26T15:45:48.922+05:00  INFO 11576 --- [           main] .s.d.r.c.RepositoryConfigurationDelegate : Bootstrapping Spring Data JPA repositories in DEFAULT mode.
2025-10-26T15:45:49.041+05:00  INFO 11576 --- [           main] .s.d.r.c.RepositoryConfigurationDelegate : Finished Spring Data repository scanning in 99 ms. Found 2 JPA repository interfaces.
2025-10-26T15:45:50.052+05:00  INFO 11576 --- [           main] o.hibernate.jpa.internal.util.LogHelper  : HHH000204: Processing PersistenceUnitInfo [name: default]
2025-10-26T15:45:50.222+05:00  INFO 11576 --- [           main] org.hibernate.Version                    : HHH000412: Hibernate ORM core version 6.5.3.Final
2025-10-26T15:45:50.300+05:00  INFO 11576 --- [           main] o.h.c.internal.RegionFactoryInitiator    : HHH000026: Second-level cache disabled
2025-10-26T15:45:51.070+05:00  INFO 11576 --- [           main] o.s.o.j.p.SpringPersistenceUnitInfo      : No LoadTimeWeaver setup: ignoring JPA class transformer
2025-10-26T15:45:51.145+05:00  INFO 11576 --- [           main] com.zaxxer.hikari.HikariDataSource       : HikariPool-1 - Starting...
2025-10-26T15:45:51.463+05:00  INFO 11576 --- [           main] com.zaxxer.hikari.pool.HikariPool        : HikariPool-1 - Added connection conn0: url=jdbc:h2:mem:apilab user=SA
2025-10-26T15:45:51.478+05:00  INFO 11576 --- [           main] com.zaxxer.hikari.HikariDataSource       : HikariPool-1 - Start completed.
2025-10-26T15:45:53.108+05:00  INFO 11576 --- [           main] o.h.e.t.j.p.i.JtaPlatformInitiator       : HHH000489: No JTA platform available (set 'hibernate.transaction.jta.platform' to enable JTA platform integration)
2025-10-26T15:45:53.279+05:00  INFO 11576 --- [           main] j.LocalContainerEntityManagerFactoryBean : Initialized JPA EntityManagerFactory for persistence unit 'default'
2025-10-26T15:45:54.019+05:00  INFO 11576 --- [           main] o.s.d.j.r.query.QueryEnhancerFactory     : Hibernate is in classpath; If applicable, HQL parser will be used.
2025-10-26T15:45:54.818+05:00  WARN 11576 --- [           main] JpaBaseConfiguration$JpaWebConfiguration : spring.jpa.open-in-view is enabled by default. Therefore, database queries may be performed during view rendering. Explicitly configure spring.jpa.open-in-view to disable this warning
2025-10-26T15:45:54.880+05:00  WARN 11576 --- [           main] .s.s.UserDetailsServiceAutoConfiguration : 

Using generated security password: b7ffba59-2fdb-4dad-8cc8-8adadd46a2d3

This generated password is for development use only. Your security configuration must be updated before running your application in production.

2025-10-26T15:45:54.917+05:00  INFO 11576 --- [           main] r$InitializeUserDetailsManagerConfigurer : Global AuthenticationManager configured with UserDetailsService bean with name inMemoryUserDetailsManager
2025-10-26T15:45:56.012+05:00  INFO 11576 --- [           main] o.s.b.a.h2.H2ConsoleAutoConfiguration    : H2 console available at '/h2-console'. Database available at 'jdbc:h2:mem:apilab'
2025-10-26T15:45:56.187+05:00  INFO 11576 --- [           main] o.s.b.t.m.w.SpringBootMockServletContext : Initializing Spring TestDispatcherServlet ''
2025-10-26T15:45:56.187+05:00  INFO 11576 --- [           main] o.s.t.web.servlet.TestDispatcherServlet  : Initializing Servlet ''
2025-10-26T15:45:56.187+05:00  INFO 11576 --- [           main] o.s.t.web.servlet.TestDispatcherServlet  : Completed initialization in 0 ms
2025-10-26T15:45:56.219+05:00  INFO 11576 --- [           main] .n.o.AdditionalSecurityExpectationsTests : Started AdditionalSecurityExpectationsTests in 9.838 seconds (process running for 11.888)
]]></system-out>
  </testcase>
  <testcase name="account_owner_only_access_transfer" classname="edu.nu.owaspapivulnlab.AdditionalSecurityExpectationsTests" time="0.078"/>
  <testcase name="admin_endpoints_require_admin_role" classname="edu.nu.owaspapivulnlab.AdditionalSecurityExpectationsTests" time="0.016"/>
  <testcase name="my_accounts_does_not_expose_owner_id" classname="edu.nu.owaspapivulnlab.AdditionalSecurityExpectationsTests" time="0.015"/>
  <testcase name="user_profile_does_not_expose_sensitive_fields" classname="edu.nu.owaspapivulnlab.AdditionalSecurityExpectationsTests" time="0.063"/>
  <testcase name="jwt_must_be_valid_and_aud_iss_checked" classname="edu.nu.owaspapivulnlab.AdditionalSecurityExpectationsTests" time="0.015">
    <system-out><![CDATA[2025-10-26T15:45:58.852+05:00  WARN 11576 --- [           main] e.n.o.config.SecurityConfig$JwtFilter    : JWT validation error: JWT signature does not match locally computed signature. JWT validity cannot be asserted and should not be trusted.
]]></system-out>
  </testcase>
  <testcase name="non_admin_cannot_delete_user" classname="edu.nu.owaspapivulnlab.AdditionalSecurityExpectationsTests" time="0.138"/>
  <testcase name="transfer_with_insufficient_balance_is_rejected" classname="edu.nu.owaspapivulnlab.AdditionalSecurityExpectationsTests" time="0.015"/>
  <testcase name="login_with_long_username_is_rejected" classname="edu.nu.owaspapivulnlab.AdditionalSecurityExpectationsTests" time="0.016">
    <system-out><![CDATA[2025-10-26T15:45:59.052+05:00  WARN 11576 --- [           main] e.n.o.web.GlobalErrorHandler             : Validation Error: {username=Username must be between 3 and 50 characters} - Path: uri=/api/auth/login
]]></system-out>
  </testcase>
  <testcase name="account_owner_only_access_balance" classname="edu.nu.owaspapivulnlab.AdditionalSecurityExpectationsTests" time="0.031"/>
  <testcase name="login_endpoint_is_rate_limited" classname="edu.nu.owaspapivulnlab.AdditionalSecurityExpectationsTests" time="0.468"/>
  <testcase name="login_with_correct_hashed_password_succeeds" classname="edu.nu.owaspapivulnlab.AdditionalSecurityExpectationsTests" time="0.016"/>
  <testcase name="login_with_short_password_is_rejected" classname="edu.nu.owaspapivulnlab.AdditionalSecurityExpectationsTests" time="0.0">
    <system-out><![CDATA[2025-10-26T15:45:59.567+05:00  WARN 11576 --- [           main] e.n.o.web.GlobalErrorHandler             : Validation Error: {password=Password must be between 8 and 100 characters} - Path: uri=/api/auth/login
]]></system-out>
  </testcase>
  <testcase name="jwt_expired_token_rejected" classname="edu.nu.owaspapivulnlab.AdditionalSecurityExpectationsTests" time="0.016"/>
  <testcase name="protected_endpoints_require_authentication" classname="edu.nu.owaspapivulnlab.AdditionalSecurityExpectationsTests" time="0.015"/>
  <testcase name="login_with_incorrect_password_fails" classname="edu.nu.owaspapivulnlab.AdditionalSecurityExpectationsTests" time="0.122"/>
  <testcase name="transfer_with_null_amount_is_rejected" classname="edu.nu.owaspapivulnlab.AdditionalSecurityExpectationsTests" time="0.016">
    <system-out><![CDATA[2025-10-26T15:45:59.736+05:00  WARN 11576 --- [           main] e.n.o.web.GlobalErrorHandler             : Validation Error: {amount=Transfer amount is required} - Path: uri=/api/accounts/1/transfer
]]></system-out>
  </testcase>
  <testcase name="transfer_with_negative_amount_is_rejected" classname="edu.nu.owaspapivulnlab.AdditionalSecurityExpectationsTests" time="0.016">
    <system-out><![CDATA[2025-10-26T15:45:59.752+05:00  WARN 11576 --- [           main] e.n.o.web.GlobalErrorHandler             : Validation Error: {amount=Transfer amount must be positive} - Path: uri=/api/accounts/1/transfer
]]></system-out>
  </testcase>
  <testcase name="admin_can_delete_user" classname="edu.nu.owaspapivulnlab.AdditionalSecurityExpectationsTests" time="0.153"/>
  <testcase name="error_responses_are_generic_without_stack_trace_or_class_names" classname="edu.nu.owaspapivulnlab.AdditionalSecurityExpectationsTests" time="0.117">
    <system-out><![CDATA[2025-10-26T15:46:00.022+05:00  WARN 11576 --- [           main] e.n.o.web.GlobalErrorHandler             : Validation Error: {password=Password must be between 8 and 100 characters} - Path: uri=/api/auth/login
]]></system-out>
  </testcase>
  <testcase name="create_user_does_not_allow_role_escalation" classname="edu.nu.owaspapivulnlab.AdditionalSecurityExpectationsTests" time="0.209"/>
  <testcase name="transfer_with_zero_amount_is_rejected" classname="edu.nu.owaspapivulnlab.AdditionalSecurityExpectationsTests" time="0.0">
    <system-out><![CDATA[2025-10-26T15:46:00.247+05:00  WARN 11576 --- [           main] e.n.o.web.GlobalErrorHandler             : Validation Error: {amount=Transfer amount must be positive} - Path: uri=/api/accounts/1/transfer
]]></system-out>
  </testcase>
  <testcase name="admin_can_access_admin_endpoints" classname="edu.nu.owaspapivulnlab.AdditionalSecurityExpectationsTests" time="0.016"/>
</testsuite>